<?xml version="1.0" encoding="UTF-8"?>
<!-- Generated by org.testng.reporters.JUnitReportReporter -->
<testsuite skipped="0" hostname="Rohans-MBP-2.attlocal.net" name="com.salesforce.TC1_SFDC_LoginValid" tests="1" failures="0" timestamp="2020-06-12T13:54:55 PDT" time="14.548" errors="0">
  <testcase name="TC1ValidCresentials" time="14.548" classname="com.salesforce.TC1_SFDC_LoginValid"/>
  <system-out/>
</testsuite> <!-- com.salesforce.TC1_SFDC_LoginValid -->
