<?xml version="1.0" encoding="UTF-8"?>
<!-- Generated by org.testng.reporters.JUnitReportReporter -->
<testsuite skipped="0" hostname="Rohans-MBP-2.attlocal.net" name="com.salesforce.TC3_SFDC_LoginRemeberMe" tests="1" failures="0" timestamp="2020-06-12T14:04:22 PDT" time="7.923" errors="0">
  <testcase name="TC2RememenerMe" time="7.923" classname="com.salesforce.TC3_SFDC_LoginRemeberMe"/>
  <system-out/>
</testsuite> <!-- com.salesforce.TC3_SFDC_LoginRemeberMe -->
